0 info it worked if it ends with ok
1 verbose cli [ '/usr/bin/node', '/usr/bin/npm', 'run', 'typeorm' ]
2 info using npm@3.5.2
3 info using node@v8.10.0
4 verbose run-script [ 'pretypeorm', 'typeorm', 'posttypeorm' ]
5 info lifecycle primeiro_projeto_com_node@1.0.0~pretypeorm: primeiro_projeto_com_node@1.0.0
6 silly lifecycle primeiro_projeto_com_node@1.0.0~pretypeorm: no script for pretypeorm, continuing
7 info lifecycle primeiro_projeto_com_node@1.0.0~typeorm: primeiro_projeto_com_node@1.0.0
8 verbose lifecycle primeiro_projeto_com_node@1.0.0~typeorm: unsafe-perm in lifecycle true
9 verbose lifecycle primeiro_projeto_com_node@1.0.0~typeorm: PATH: /usr/share/npm/bin/node-gyp-bin:/home/frapimoneto/Desktop/Primeiro-projeto-com-Node.JS-master/node_modules/.bin:/usr/local/sbin:/usr/local/bin:/usr/sbin:/usr/bin:/sbin:/bin:/usr/games:/usr/local/games:/snap/bin
10 verbose lifecycle primeiro_projeto_com_node@1.0.0~typeorm: CWD: /home/frapimoneto/Desktop/Primeiro-projeto-com-Node.JS-master
11 silly lifecycle primeiro_projeto_com_node@1.0.0~typeorm: Args: [ '-c', 'ts-node-dev ./node_modules/typeorm/cli.js' ]
12 silly lifecycle primeiro_projeto_com_node@1.0.0~typeorm: Returned: code: 1  signal: null
13 info lifecycle primeiro_projeto_com_node@1.0.0~typeorm: Failed to exec typeorm script
14 verbose stack Error: primeiro_projeto_com_node@1.0.0 typeorm: `ts-node-dev ./node_modules/typeorm/cli.js`
14 verbose stack Exit status 1
14 verbose stack     at EventEmitter.<anonymous> (/usr/share/npm/lib/utils/lifecycle.js:232:16)
14 verbose stack     at emitTwo (events.js:126:13)
14 verbose stack     at EventEmitter.emit (events.js:214:7)
14 verbose stack     at ChildProcess.<anonymous> (/usr/share/npm/lib/utils/spawn.js:24:14)
14 verbose stack     at emitTwo (events.js:126:13)
14 verbose stack     at ChildProcess.emit (events.js:214:7)
14 verbose stack     at maybeClose (internal/child_process.js:925:16)
14 verbose stack     at Process.ChildProcess._handle.onexit (internal/child_process.js:209:5)
15 verbose pkgid primeiro_projeto_com_node@1.0.0
16 verbose cwd /home/frapimoneto/Desktop/Primeiro-projeto-com-Node.JS-master
17 error Linux 5.3.0-61-generic
18 error argv "/usr/bin/node" "/usr/bin/npm" "run" "typeorm"
19 error node v8.10.0
20 error npm  v3.5.2
21 error code ELIFECYCLE
22 error primeiro_projeto_com_node@1.0.0 typeorm: `ts-node-dev ./node_modules/typeorm/cli.js`
22 error Exit status 1
23 error Failed at the primeiro_projeto_com_node@1.0.0 typeorm script 'ts-node-dev ./node_modules/typeorm/cli.js'.
23 error Make sure you have the latest version of node.js and npm installed.
23 error If you do, this is most likely a problem with the primeiro_projeto_com_node package,
23 error not with npm itself.
23 error Tell the author that this fails on your system:
23 error     ts-node-dev ./node_modules/typeorm/cli.js
23 error You can get information on how to open an issue for this project with:
23 error     npm bugs primeiro_projeto_com_node
23 error Or if that isn't available, you can get their info via:
23 error     npm owner ls primeiro_projeto_com_node
23 error There is likely additional logging output above.
24 verbose exit [ 1, true ]
